<?xml version="1.0" encoding="UTF-8"?>
<testng-results ignored="0" total="2" passed="2" failed="0" skipped="0">
  <reporter-output>
  </reporter-output>
  <suite started-at="2023-07-15T18:41:13 IST" name="LogIn_LogOut" finished-at="2023-07-15T18:42:24 IST" duration-ms="71332">
    <groups>
    </groups>
    <test started-at="2023-07-15T18:41:13 IST" name="Login_Test" finished-at="2023-07-15T18:42:24 IST" duration-ms="71332">
      <class name="tests.LoginTest">
        <test-method is-config="true" signature="launch()[pri:0, instance:tests.LoginTest@4f63e3c7]" started-at="2023-07-15T18:41:13 IST" name="launch" finished-at="2023-07-15T18:41:52 IST" duration-ms="38905" status="PASS">
          <reporter-output>
          </reporter-output>
        </test-method> <!-- launch -->
        <test-method signature="login()[pri:1, instance:tests.LoginTest@4f63e3c7]" started-at="2023-07-15T18:41:52 IST" name="login" finished-at="2023-07-15T18:42:13 IST" duration-ms="21174" status="PASS">
          <reporter-output>
          </reporter-output>
        </test-method> <!-- login -->
        <test-method signature="logout()[pri:2, instance:tests.LoginTest@4f63e3c7]" started-at="2023-07-15T18:42:13 IST" name="logout" finished-at="2023-07-15T18:42:24 IST" duration-ms="10242" status="PASS">
          <reporter-output>
          </reporter-output>
        </test-method> <!-- logout -->
        <test-method is-config="true" signature="quit()[pri:0, instance:tests.LoginTest@4f63e3c7]" started-at="2023-07-15T18:42:24 IST" name="quit" finished-at="2023-07-15T18:42:24 IST" duration-ms="434" status="PASS">
          <reporter-output>
          </reporter-output>
        </test-method> <!-- quit -->
      </class> <!-- tests.LoginTest -->
    </test> <!-- Login_Test -->
  </suite> <!-- LogIn_LogOut -->
</testng-results>
